1555134175494	mozrunner::runner	INFO	Running command: "/usr/bin/firefox" "-marionette" "-foreground" "-no-remote" "-profile" "/tmp/rust_mozprofile.8eRQIy3TaQi8"
1555134175997	addons.webextension.screenshots@mozilla.org	WARN	Loading extension 'screenshots@mozilla.org': Reading manifest: Invalid host permission: resource://pdf.js/
1555134175998	addons.webextension.screenshots@mozilla.org	WARN	Loading extension 'screenshots@mozilla.org': Reading manifest: Invalid host permission: about:reader*
1555134178074	Marionette	INFO	Listening on port 35003
1555134178106	Marionette	WARN	TLS certificate errors will be ignored for this session
1555134232066	mozrunner::runner	INFO	Running command: "/usr/bin/firefox" "-marionette" "-foreground" "-no-remote" "-profile" "/tmp/rust_mozprofile.PfS86bD4xKDF"
1555134232637	addons.webextension.screenshots@mozilla.org	WARN	Loading extension 'screenshots@mozilla.org': Reading manifest: Invalid host permission: resource://pdf.js/
1555134232638	addons.webextension.screenshots@mozilla.org	WARN	Loading extension 'screenshots@mozilla.org': Reading manifest: Invalid host permission: about:reader*
1555134234640	Marionette	INFO	Listening on port 37093
1555134234704	Marionette	WARN	TLS certificate errors will be ignored for this session
Exiting due to channel error.
Exiting due to channel error.
Exiting due to channel error.
1555134364500	mozrunner::runner	INFO	Running command: "/usr/bin/firefox" "-marionette" "-foreground" "-no-remote" "-profile" "/tmp/rust_mozprofile.QfDeqc8TEOlC"
1555134365001	addons.webextension.screenshots@mozilla.org	WARN	Loading extension 'screenshots@mozilla.org': Reading manifest: Invalid host permission: resource://pdf.js/
1555134365002	addons.webextension.screenshots@mozilla.org	WARN	Loading extension 'screenshots@mozilla.org': Reading manifest: Invalid host permission: about:reader*
1555134366977	Marionette	INFO	Listening on port 35973
1555134367036	Marionette	WARN	TLS certificate errors will be ignored for this session
[Parent 18235, Gecko_IOThread] WARNING: pipe error (81): 连接被对方重设: file /build/firefox-1juj5k/firefox-65.0+build2/ipc/chromium/src/chrome/common/ipc_channel_posix.cc, line 349
1555134373948	Marionette	INFO	Stopped listening on port 35003
1555134376235	Marionette	INFO	Stopped listening on port 35973
1555205861078	mozrunner::runner	INFO	Running command: "/usr/bin/firefox" "-marionette" "-foreground" "-no-remote" "-profile" "/tmp/rust_mozprofile.zCt5XvqC9plx"
1555205861918	addons.webextension.screenshots@mozilla.org	WARN	Loading extension 'screenshots@mozilla.org': Reading manifest: Invalid host permission: resource://pdf.js/
1555205861918	addons.webextension.screenshots@mozilla.org	WARN	Loading extension 'screenshots@mozilla.org': Reading manifest: Invalid host permission: about:reader*
1555205864310	Marionette	INFO	Listening on port 41843
1555205864322	Marionette	WARN	TLS certificate errors will be ignored for this session
Exiting due to channel error.
[GFX1-]: Receive IPC close with reason=AbnormalShutdown
[Child 5536, Chrome_ChildThread] WARNING: pipe error (3): 连接被对方重设: file /build/firefox-1juj5k/firefox-65.0+build2/ipc/chromium/src/chrome/common/ipc_channel_posix.cc, line 349
Exiting due to channel error.
Exiting due to channel error.
1555205943941	mozrunner::runner	INFO	Running command: "/usr/bin/firefox" "-marionette" "-foreground" "-no-remote" "-profile" "/tmp/rust_mozprofile.8tBiCmO1FF5B"
1555205944505	addons.webextension.screenshots@mozilla.org	WARN	Loading extension 'screenshots@mozilla.org': Reading manifest: Invalid host permission: resource://pdf.js/
1555205944506	addons.webextension.screenshots@mozilla.org	WARN	Loading extension 'screenshots@mozilla.org': Reading manifest: Invalid host permission: about:reader*
1555205946871	Marionette	INFO	Listening on port 45369
1555205946951	Marionette	WARN	TLS certificate errors will be ignored for this session
1555205972136	mozrunner::runner	INFO	Running command: "/usr/bin/firefox" "-marionette" "-foreground" "-no-remote" "-profile" "/tmp/rust_mozprofile.qorK0lFV2sxp"
1555205972681	addons.webextension.screenshots@mozilla.org	WARN	Loading extension 'screenshots@mozilla.org': Reading manifest: Invalid host permission: resource://pdf.js/
1555205972702	addons.webextension.screenshots@mozilla.org	WARN	Loading extension 'screenshots@mozilla.org': Reading manifest: Invalid host permission: about:reader*
1555205974838	Marionette	INFO	Listening on port 33993
1555205974847	Marionette	WARN	TLS certificate errors will be ignored for this session
1555205977869	Marionette	INFO	Stopped listening on port 33993
[Parent 5669, Gecko_IOThread] WARNING: pipe error (83): 连接被对方重设: file /build/firefox-1juj5k/firefox-65.0+build2/ipc/chromium/src/chrome/common/ipc_channel_posix.cc, line 349
[Parent 5669, Gecko_IOThread] WARNING: pipe error (80): 连接被对方重设: file /build/firefox-1juj5k/firefox-65.0+build2/ipc/chromium/src/chrome/common/ipc_channel_posix.cc, line 349
1555206046776	Marionette	INFO	Stopped listening on port 45369
